<?xml version="1.0" encoding="UTF-8"?>
<testng-results skipped="0" failed="0" ignored="0" total="1" passed="1">
  <reporter-output>
  </reporter-output>
  <suite name="Default suite" duration-ms="18368" started-at="2020-09-03T22:14:33 IST" finished-at="2020-09-03T22:14:52 IST">
    <groups>
    </groups>
    <test name="Default test" duration-ms="18368" started-at="2020-09-03T22:14:33 IST" finished-at="2020-09-03T22:14:52 IST">
      <class name="com.amelia.test.flights.FlightAe">
        <test-method status="PASS" signature="setup(java.lang.String, java.lang.String, java.lang.String)[pri:0, instance:com.amelia.test.flights.FlightAe@3d921e20]" name="setup" is-config="true" duration-ms="7349" started-at="2020-09-03T22:14:33 IST" finished-at="2020-09-03T22:14:41 IST">
          <params>
            <param index="0">
              <value>
                <![CDATA[local]]>
              </value>
            </param>
            <param index="1">
              <value>
                <![CDATA[chrome]]>
              </value>
            </param>
            <param index="2">
              <value>
                <![CDATA[https://www.flipkart.com]]>
              </value>
            </param>
          </params>
          <reporter-output>
          </reporter-output>
        </test-method> <!-- setup -->
        <test-method status="PASS" signature="oneWayFlightSearch(java.lang.String)[pri:0, instance:com.amelia.test.flights.FlightAe@3d921e20]" name="oneWayFlightSearch" duration-ms="6729" started-at="2020-09-03T22:14:41 IST" finished-at="2020-09-03T22:14:47 IST">
          <params>
            <param index="0">
              <value>
                <![CDATA[https://www.flipkart.com]]>
              </value>
            </param>
          </params>
          <reporter-output>
          </reporter-output>
        </test-method> <!-- oneWayFlightSearch -->
        <test-method status="PASS" signature="close()[pri:0, instance:com.amelia.test.flights.FlightAe@3d921e20]" name="close" is-config="true" duration-ms="4168" started-at="2020-09-03T22:14:47 IST" finished-at="2020-09-03T22:14:52 IST">
          <reporter-output>
          </reporter-output>
        </test-method> <!-- close -->
      </class> <!-- com.amelia.test.flights.FlightAe -->
    </test> <!-- Default test -->
  </suite> <!-- Default suite -->
</testng-results>
